<?xml version="1.0" encoding="UTF-8"?>
<!-- Generated by org.testng.reporters.JUnitReportReporter -->
<testsuite hostname="OrkhansHP" failures="0" tests="1" name="HRM.JobTitles.JobTitlesPageTest" time="11.942" errors="0" timestamp="2023-09-24T09:29:15 EDT" skipped="0">
  <testcase classname="HRM.JobTitles.JobTitlesPageTest" name="verify_user_is_able_to_navigate_to_job_titles_page" time="11.942"/>
  <system-out/>
</testsuite> <!-- HRM.JobTitles.JobTitlesPageTest -->
